<?xml version="1.0" encoding="UTF-8"?>
<!-- Generated by org.testng.reporters.JUnitReportReporter -->
<testsuite hostname="LAPTOP-V3E0JOFB" failures="0" tests="9" name="Tutorial1.demo3" time="0.035" errors="0" timestamp="2025-10-05T14:12:29 IST" skipped="0">
  <testcase classname="Tutorial1.demo3" name="logo" time="0.016"/>
  <testcase classname="Tutorial1.demo3" name="validateHomeLog" time="0.007"/>
  <testcase classname="Tutorial1.demo3" name="validateHomeLog" time="0.002"/>
  <testcase classname="Tutorial1.demo3" name="validateHomeLog" time="0.003"/>
  <testcase classname="Tutorial1.demo3" name="addEmployee" time="0.001"/>
  <testcase classname="Tutorial1.demo3" name="addEmployee" time="0.002"/>
  <testcase classname="Tutorial1.demo3" name="addEmployee" time="0.001"/>
  <testcase classname="Tutorial1.demo3" name="addEmployee" time="0.001"/>
  <testcase classname="Tutorial1.demo3" name="addEmployee" time="0.002"/>
</testsuite> <!-- Tutorial1.demo3 -->
