<?xml version="1.0" encoding="UTF-8"?>
<!-- Generated by org.testng.reporters.JUnitReportReporter -->
<testsuite hostname="LAPTOP-V3E0JOFB" failures="0" tests="3" name="Tutorial1.demo2" time="0.017" errors="0" timestamp="2025-10-05T13:58:21 IST" skipped="0">
  <testcase classname="Tutorial1.demo2" name="logo" time="0.014"/>
  <testcase classname="Tutorial1.demo2" name="loginMethod" time="0.001"/>
  <testcase classname="Tutorial1.demo2" name="alpha" time="0.002"/>
</testsuite> <!-- Tutorial1.demo2 -->
