<?xml version="1.0" encoding="UTF-8"?>
<!-- Generated by org.testng.reporters.JUnitReportReporter -->
<testsuite hostname="LAPTOP-V3E0JOFB" failures="0" tests="3" name="Tutorial1.demo1" time="0.019" errors="0" timestamp="2025-10-05T12:39:24 IST" skipped="0">
  <testcase classname="Tutorial1.demo1" name="homeTitle" time="0.015"/>
  <testcase classname="Tutorial1.demo1" name="login" time="0.002"/>
  <testcase classname="Tutorial1.demo1" name="logValidate" time="0.002"/>
</testsuite> <!-- Tutorial1.demo1 -->
